<?xml version="1.0" encoding="UTF-8"?>
<testsuite name="fapHouse.tests.tests.startEarningMoneySuite.cases.StartEarningMoneyNoPhotoTest" tests="1" skipped="0" failures="0" errors="0" timestamp="2022-09-20T06:50:27" hostname="Sergeis-MacBook-Pro.local" time="12.664">
  <properties/>
  <testcase name="Start Earning Money (No photos flow)" classname="fapHouse.tests.tests.startEarningMoneySuite.cases.StartEarningMoneyNoPhotoTest" time="12.664"/>
  <system-out><![CDATA[]]></system-out>
  <system-err><![CDATA[log4j:WARN No appenders could be found for logger (com.codeborne.selenide.impl.CiReportUrl).
log4j:WARN Please initialize the log4j system properly.
log4j:WARN See http://logging.apache.org/log4j/1.2/faq.html#noconfig for more info.
Sept 20, 2022 9:50:29 AM org.openqa.selenium.remote.ProtocolHandshake createSession
INFO: Detected upstream dialect: W3C
]]></system-err>
</testsuite>
